0 info it worked if it ends with ok
1 verbose cli [ 'C:\\Program Files\\nodejs\\node.exe',
1 verbose cli   'C:\\Program Files\\nodejs\\node_modules\\npm\\bin\\npm-cli.js',
1 verbose cli   'run',
1 verbose cli   'dev' ]
2 info using npm@3.10.10
3 info using node@v6.10.0
4 verbose run-script [ 'predev', 'dev', 'postdev' ]
5 info lifecycle back-command@1.0.0~predev: back-command@1.0.0
6 silly lifecycle back-command@1.0.0~predev: no script for predev, continuing
7 info lifecycle back-command@1.0.0~dev: back-command@1.0.0
8 verbose lifecycle back-command@1.0.0~dev: unsafe-perm in lifecycle true
9 verbose lifecycle back-command@1.0.0~dev: PATH: C:\Users\msaldias\AppData\Roaming\nvm\v6.10.0\node_modules\npm\bin\node-gyp-bin;C:\app-command\node_modules\.bin;C:\ProgramData\DockerDesktop\version-bin;C:\Program Files\Docker\Docker\Resources\bin;C:\Program Files (x86)\Intel\iCLS Client\;C:\Program Files\Intel\iCLS Client\;C:\WINDOWS\system32;C:\WINDOWS;C:\WINDOWS\System32\Wbem;C:\WINDOWS\System32\WindowsPowerShell\v1.0\;C:\Program Files (x86)\Intel\Intel(R) Management Engine Components\DAL;C:\Program Files\Intel\Intel(R) Management Engine Components\DAL;C:\Program Files (x86)\Intel\Intel(R) Management Engine Components\IPT;C:\Program Files\Intel\Intel(R) Management Engine Components\IPT;C:\Program Files\Microsoft SQL Server\120\Tools\Binn\;C:\Program Files (x86)\Microsoft SQL Server\100\Tools\Binn\;C:\Program Files\Microsoft SQL Server\100\Tools\Binn\;C:\Program Files\Microsoft SQL Server\100\DTS\Binn\;C:\Program Files (x86)\Microsoft SQL Server\100\Tools\Binn\VSShell\Common7\IDE\;C:\Program Files (x86)\Microsoft SQL Server\100\DTS\Binn\;C:\Program Files\Microsoft SQL Server\Client SDK\ODBC\110\Tools\Binn\;C:\Program Files (x86)\Microsoft SQL Server\120\Tools\Binn\;C:\Program Files\Microsoft SQL Server\120\DTS\Binn\;C:\Program Files (x86)\Microsoft SQL Server\120\Tools\Binn\ManagementStudio\;C:\Program Files (x86)\Microsoft SQL Server\120\DTS\Binn\;C:\Program Files\SourceGear\Common\DiffMerge\;C:\Program Files\Microsoft\Web Platform Installer\;C:\WINDOWS\CCM;C:\Program Files (x86)\Microsoft SQL Server\130\Tools\Binn\;C:\Program Files\Microsoft SQL Server\130\Tools\Binn\;C:\Program Files (x86)\Microsoft SQL Server\130\DTS\Binn\;C:\Program Files\Microsoft SQL Server\130\DTS\Binn\;C:\Program Files\Microsoft SQL Server\Client SDK\ODBC\130\Tools\Binn\;C:\Program Files (x86)\Microsoft SQL Server\Client SDK\ODBC\130\Tools\Binn\;C:\Program Files (x86)\Microsoft SQL Server\130\Tools\Binn\ManagementStudio\;C:\Program Files\dotnet\;C:\ProgramData\chocolatey\bin;C:\Program Files (x86)\Microsoft Visual Studio 10.0\Common7\Tools;C:\Windows\Microsoft.NET\Framework64\v4.0.30319;C:\WINDOWS\system32;C:\WINDOWS;C:\WINDOWS\System32\Wbem;C:\WINDOWS\System32\WindowsPowerShell\v1.0\;C:\WINDOWS\System32\OpenSSH\;C:\Program Files\Microsoft VS Code\bin;C:\Program Files (x86)\Airtame;C:\Users\msaldias\AppData\Roaming\nvm;C:\Program Files\nodejs;C:\Program Files\Git\cmd;C:\Program Files\TortoiseGit\bin;C:\Users\msaldias\scoop\shims;C:\Ruby25-x64\bin;C:\Users\msaldias\.windows-build-tools\python27;C:\Program Files\MongoDB\Server\4.2\bin;C:\Users\msaldias\AppData\Local\GitHubDesktop\bin;C:\Users\msaldias\AppData\Roaming\nvm;C:\Program Files\nodejs
10 verbose lifecycle back-command@1.0.0~dev: CWD: C:\app-command
11 silly lifecycle back-command@1.0.0~dev: Args: [ '/d /s /c', 'nodemon server/index.js' ]
12 silly lifecycle back-command@1.0.0~dev: Returned: code: 1  signal: null
13 info lifecycle back-command@1.0.0~dev: Failed to exec dev script
14 verbose stack Error: back-command@1.0.0 dev: `nodemon server/index.js`
14 verbose stack Exit status 1
14 verbose stack     at EventEmitter.<anonymous> (C:\Users\msaldias\AppData\Roaming\nvm\v6.10.0\node_modules\npm\lib\utils\lifecycle.js:255:16)
14 verbose stack     at emitTwo (events.js:106:13)
14 verbose stack     at EventEmitter.emit (events.js:191:7)
14 verbose stack     at ChildProcess.<anonymous> (C:\Users\msaldias\AppData\Roaming\nvm\v6.10.0\node_modules\npm\lib\utils\spawn.js:40:14)
14 verbose stack     at emitTwo (events.js:106:13)
14 verbose stack     at ChildProcess.emit (events.js:191:7)
14 verbose stack     at maybeClose (internal/child_process.js:877:16)
14 verbose stack     at Process.ChildProcess._handle.onexit (internal/child_process.js:226:5)
15 verbose pkgid back-command@1.0.0
16 verbose cwd C:\app-command\server
17 error Windows_NT 10.0.17134
18 error argv "C:\\Program Files\\nodejs\\node.exe" "C:\\Program Files\\nodejs\\node_modules\\npm\\bin\\npm-cli.js" "run" "dev"
19 error node v6.10.0
20 error npm  v3.10.10
21 error code ELIFECYCLE
22 error back-command@1.0.0 dev: `nodemon server/index.js`
22 error Exit status 1
23 error Failed at the back-command@1.0.0 dev script 'nodemon server/index.js'.
23 error Make sure you have the latest version of node.js and npm installed.
23 error If you do, this is most likely a problem with the back-command package,
23 error not with npm itself.
23 error Tell the author that this fails on your system:
23 error     nodemon server/index.js
23 error You can get information on how to open an issue for this project with:
23 error     npm bugs back-command
23 error Or if that isn't available, you can get their info via:
23 error     npm owner ls back-command
23 error There is likely additional logging output above.
24 verbose exit [ 1, true ]
